2025-05-08 11:13:24 - test_script - INFO - Test des Konfiguration- und Logging-Setups
2025-05-08 11:13:24 - test_script - INFO - Geladene Spieleinstellungen: {'min_damage': 1, 'base_weapon_damage': 5, 'hit_chance_base': 90, 'hit_chance_accuracy_factor': 3, 'hit_chance_evasion_factor': 2, 'hit_chance_min': 5, 'hit_chance_max': 95, 'xp_level_base': 100, 'xp_level_factor': 1.5}
2025-05-08 11:13:24 - test_script - INFO - Versuche characters.json5 zu laden...
2025-05-08 11:13:24 - test_script - INFO - Erfolgreich 4 Charaktere geladen!
2025-05-08 11:13:24 - test_script - INFO - Versuche skills.json5 zu laden...
2025-05-08 11:13:24 - test_script - INFO - Erfolgreich 19 Skills geladen!
2025-05-08 11:13:24 - test_script - INFO - Versuche opponents.json5 zu laden...
2025-05-08 11:13:24 - test_script - INFO - Erfolgreich 5 Gegner geladen!
2025-05-08 11:13:24 - test_script - INFO - 
--- Charakter-Details ---
2025-05-08 11:13:24 - test_script - INFO - Charakter: Krieger (ID: krieger)
2025-05-08 11:13:24 - test_script - INFO -   STR: 14, DEX: 10
2025-05-08 11:13:24 - test_script - INFO -   Skills: ['basic_strike_phys', 'power_strike', 'shield_bash', 'cleave']
2025-05-08 11:13:24 - test_script - INFO - Charakter: Magier (ID: magier)
2025-05-08 11:13:24 - test_script - INFO -   STR: 8, DEX: 10
2025-05-08 11:13:24 - test_script - INFO -   Skills: ['basic_magic_bolt', 'fireball', 'frostbolt', 'arcane_barrier']
2025-05-08 11:13:24 - test_script - INFO - Charakter: Schurke (ID: schurke)
2025-05-08 11:13:24 - test_script - INFO -   STR: 10, DEX: 14
2025-05-08 11:13:24 - test_script - INFO -   Skills: ['basic_strike_finesse', 'precise_stab', 'distraction', 'sprint']
2025-05-08 11:13:24 - test_script - INFO - Charakter: Kleriker (ID: kleriker)
2025-05-08 11:13:24 - test_script - INFO -   STR: 10, DEX: 8
2025-05-08 11:13:24 - test_script - INFO -   Skills: ['basic_holy_spark', 'heal', 'holy_light', 'protective_ward']
2025-05-08 11:13:24 - test_script - INFO - 
--- Skill-Details ---
2025-05-08 11:13:24 - test_script - INFO - Skill: Grundangriff (ID: basic_strike_phys)
2025-05-08 11:13:24 - test_script - INFO -   Kosten: 10 STAMINA
2025-05-08 11:13:24 - test_script - INFO - Skill: Finessengriff (ID: basic_strike_finesse)
2025-05-08 11:13:24 - test_script - INFO -   Kosten: 10 ENERGY
2025-05-08 11:13:24 - test_script - INFO - Skill: Magischer Bolzen (ID: basic_magic_bolt)
2025-05-08 11:13:24 - test_script - INFO -   Kosten: 10 MANA
2025-05-08 11:13:24 - test_script - INFO - Skill: Heiliger Funke (ID: basic_holy_spark)
2025-05-08 11:13:24 - test_script - INFO -   Kosten: 10 MANA
2025-05-08 11:13:24 - test_script - INFO - Skill: Mächtiger Schlag (ID: power_strike)
2025-05-08 11:13:24 - test_script - INFO -   Kosten: 25 STAMINA
2025-05-08 11:13:24 - test_script - INFO - Skill: Schildschlag (ID: shield_bash)
2025-05-08 11:13:24 - test_script - INFO -   Kosten: 30 STAMINA
2025-05-08 11:13:24 - test_script - INFO - Skill: Schwungschlag (ID: cleave)
2025-05-08 11:13:24 - test_script - INFO -   Kosten: 35 STAMINA
2025-05-08 11:13:24 - test_script - INFO - Skill: Feuerball (ID: fireball)
2025-05-08 11:13:24 - test_script - INFO -   Kosten: 30 MANA
2025-05-08 11:13:24 - test_script - INFO - Skill: Frostblitz (ID: frostbolt)
2025-05-08 11:13:24 - test_script - INFO -   Kosten: 25 MANA
2025-05-08 11:13:24 - test_script - INFO - Skill: Arkane Barriere (ID: arcane_barrier)
2025-05-08 11:13:24 - test_script - INFO -   Kosten: 35 MANA
2025-05-08 11:13:24 - test_script - INFO - Skill: Präziser Stich (ID: precise_stab)
2025-05-08 11:13:24 - test_script - INFO -   Kosten: 25 ENERGY
2025-05-08 11:13:24 - test_script - INFO - Skill: Ablenkung (ID: distraction)
2025-05-08 11:13:24 - test_script - INFO -   Kosten: 20 ENERGY
2025-05-08 11:13:24 - test_script - INFO - Skill: Sprint (ID: sprint)
2025-05-08 11:13:24 - test_script - INFO -   Kosten: 15 ENERGY
2025-05-08 11:13:24 - test_script - INFO - Skill: Heilung (ID: heal)
2025-05-08 11:13:24 - test_script - INFO -   Kosten: 30 MANA
2025-05-08 11:13:24 - test_script - INFO - Skill: Heiliges Licht (ID: holy_light)
2025-05-08 11:13:24 - test_script - INFO -   Kosten: 25 MANA
2025-05-08 11:13:24 - test_script - INFO - Skill: Schutzaura (ID: protective_ward)
2025-05-08 11:13:24 - test_script - INFO -   Kosten: 25 MANA
2025-05-08 11:13:24 - test_script - INFO - Skill: Schuss (ID: basic_shot_phys)
2025-05-08 11:13:24 - test_script - INFO -   Kosten: 0 NONE
2025-05-08 11:13:24 - test_script - INFO - Skill: Schwächender Fluch (ID: weakening_curse)
2025-05-08 11:13:24 - test_script - INFO -   Kosten: 0 NONE
2025-05-08 11:13:24 - test_script - INFO - Skill: Kleine Heilung (ID: heal_lesser)
2025-05-08 11:13:24 - test_script - INFO -   Kosten: 0 NONE
2025-05-08 11:13:24 - test_script - INFO - 
--- Gegner-Details ---
2025-05-08 11:13:24 - test_script - INFO - Gegner: Goblin (ID: goblin_lv1)
2025-05-08 11:13:24 - test_script - INFO -   Level: 1, XP: 50
2025-05-08 11:13:24 - test_script - INFO -   KI-Strategie: basic_melee
2025-05-08 11:13:24 - test_script - INFO - Gegner: Goblin Bogenschütze (ID: goblin_archer_lv2)
2025-05-08 11:13:24 - test_script - INFO -   Level: 2, XP: 75
2025-05-08 11:13:24 - test_script - INFO -   KI-Strategie: basic_ranged
2025-05-08 11:13:24 - test_script - INFO - Gegner: Goblin Schamane (ID: goblin_schamane_lv3)
2025-05-08 11:13:24 - test_script - INFO -   Level: 3, XP: 100
2025-05-08 11:13:24 - test_script - INFO -   KI-Strategie: support_caster
2025-05-08 11:13:24 - test_script - INFO - Gegner: Skelett (ID: skeleton_lv2)
2025-05-08 11:13:24 - test_script - INFO -   Level: 2, XP: 75
2025-05-08 11:13:24 - test_script - INFO -   KI-Strategie: basic_melee
2025-05-08 11:13:24 - test_script - INFO - Gegner: Wolf (ID: wolf_lv1)
2025-05-08 11:13:24 - test_script - INFO -   Level: 1, XP: 40
2025-05-08 11:13:24 - test_script - INFO -   KI-Strategie: basic_melee
2025-05-08 11:13:24 - test_script - INFO - 
Alle Tests erfolgreich!
2025-05-08 11:52:57 - rpg - INFO - Python RPG gestartet im Modus: auto
2025-05-08 11:52:57 - rpg - INFO - Python-Version: 3.12.3 | packaged by Anaconda, Inc. | (main, May  6 2024, 19:46:43) [GCC 11.2.0]
2025-05-08 11:52:57 - rpg.main - INFO - Starte Spiel im automatischen Modus (Simulation mit 2 Spielern, 3 Begegnungen)
2025-05-08 11:53:00 - src.game_logic.combat - INFO - Kampf beginnt!
2025-05-08 11:53:00 - src.game_logic.combat - INFO - Spieler: Krieger, Magier
2025-05-08 11:53:00 - src.game_logic.combat - INFO - Gegner: Wolf, Goblin Bogenschütze
2025-05-08 11:53:00 - src.game_logic.combat - INFO - Runde 1 beginnt!
2025-05-08 11:53:03 - rpg.main - ERROR - Fehler im automatischen Modus: unhashable type: 'CharacterInstance'
Traceback (most recent call last):
  File "/workspaces/python-rpg-projekt/src/main.py", line 100, in run_auto_mode
    run_simulation(characters_path, skills_path, opponents_path)
  File "/workspaces/python-rpg-projekt/src/ui/cli_main_loop.py", line 339, in run_simulation
    simulation.start_simulation(num_players, num_encounters)
  File "/workspaces/python-rpg-projekt/src/ui/cli_main_loop.py", line 76, in start_simulation
    self._run_combat_encounter(opponents)
  File "/workspaces/python-rpg-projekt/src/ui/cli_main_loop.py", line 197, in _run_combat_encounter
    self._perform_character_action(current_character, is_player)
  File "/workspaces/python-rpg-projekt/src/ui/cli_main_loop.py", line 237, in _perform_character_action
    result = combat_system.execute_action(action)
             ^^^^^^^^^^^^^^^^^^^^^^^^^^^^^^^^^^^^
  File "/workspaces/python-rpg-projekt/src/game_logic/combat.py", line 128, in execute_action
    self._apply_combat_effect(action, result)
  File "/workspaces/python-rpg-projekt/src/game_logic/combat.py", line 198, in _apply_combat_effect
    self._apply_damage(action, target, result)
  File "/workspaces/python-rpg-projekt/src/game_logic/combat.py", line 248, in _apply_damage
    result.damage_dealt[target] = actual_damage
    ~~~~~~~~~~~~~~~~~~~^^^^^^^^
TypeError: unhashable type: 'CharacterInstance'
2025-05-08 11:53:03 - rpg - INFO - Programm normal beendet
2025-05-08 12:06:14 - rpg - INFO - Python RPG gestartet im Modus: auto
2025-05-08 12:06:14 - rpg - INFO - Python-Version: 3.12.3 | packaged by Anaconda, Inc. | (main, May  6 2024, 19:46:43) [GCC 11.2.0]
2025-05-08 12:06:14 - rpg.main - INFO - Starte Spiel im automatischen Modus (Simulation mit 2 Spielern, 3 Begegnungen)
2025-05-08 12:06:18 - src.game_logic.combat - INFO - Kampf beginnt!
2025-05-08 12:06:18 - src.game_logic.combat - INFO - Spieler: Krieger, Magier
2025-05-08 12:06:18 - src.game_logic.combat - INFO - Gegner: Goblin, Goblin
2025-05-08 12:06:18 - src.game_logic.combat - INFO - Runde 1 beginnt!
2025-05-08 12:06:21 - rpg.main - ERROR - Fehler im automatischen Modus: unhashable type: 'CharacterInstance'
Traceback (most recent call last):
  File "/workspaces/python-rpg-projekt/src/main.py", line 100, in run_auto_mode
    run_simulation(characters_path, skills_path, opponents_path)
  File "/workspaces/python-rpg-projekt/src/ui/cli_main_loop.py", line 339, in run_simulation
    simulation.start_simulation(num_players, num_encounters)
  File "/workspaces/python-rpg-projekt/src/ui/cli_main_loop.py", line 76, in start_simulation
    self._run_combat_encounter(opponents)
  File "/workspaces/python-rpg-projekt/src/ui/cli_main_loop.py", line 197, in _run_combat_encounter
    self._perform_character_action(current_character, is_player)
  File "/workspaces/python-rpg-projekt/src/ui/cli_main_loop.py", line 237, in _perform_character_action
    result = combat_system.execute_action(action)
             ^^^^^^^^^^^^^^^^^^^^^^^^^^^^^^^^^^^^
  File "/workspaces/python-rpg-projekt/src/game_logic/combat.py", line 128, in execute_action
    self._apply_combat_effect(action, result)
  File "/workspaces/python-rpg-projekt/src/game_logic/combat.py", line 198, in _apply_combat_effect
    self._apply_damage(action, target, result)
  File "/workspaces/python-rpg-projekt/src/game_logic/combat.py", line 248, in _apply_damage
    result.damage_dealt[target] = actual_damage
    ~~~~~~~~~~~~~~~~~~~^^^^^^^^
TypeError: unhashable type: 'CharacterInstance'
2025-05-08 12:06:21 - rpg - INFO - Programm normal beendet
2025-05-08 12:12:04 - rpg - INFO - Python RPG gestartet im Modus: auto
2025-05-08 12:12:04 - rpg - INFO - Python-Version: 3.12.3 | packaged by Anaconda, Inc. | (main, May  6 2024, 19:46:43) [GCC 11.2.0]
2025-05-08 12:12:04 - rpg.main - INFO - Starte Spiel im automatischen Modus (Simulation mit 2 Spielern, 3 Begegnungen)
2025-05-08 12:12:08 - src.game_logic.combat - INFO - Kampf beginnt!
2025-05-08 12:12:08 - src.game_logic.combat - INFO - Spieler: Krieger, Magier
2025-05-08 12:12:08 - src.game_logic.combat - INFO - Gegner: Wolf, Goblin Bogenschütze
2025-05-08 12:12:08 - src.game_logic.combat - INFO - Runde 1 beginnt!
2025-05-08 12:12:15 - src.game_logic.combat - INFO - Runde 2 beginnt!
2025-05-08 12:12:21 - src.game_logic.combat - INFO - Runde 3 beginnt!
2025-05-08 12:12:26 - src.game_logic.combat - INFO - Runde 4 beginnt!
2025-05-08 12:12:32 - src.game_logic.combat - INFO - Runde 5 beginnt!
2025-05-08 12:12:36 - src.game_logic.combat - INFO - Runde 6 beginnt!
2025-05-08 12:12:39 - src.game_logic.entities - INFO - Wolf wurde besiegt!
2025-05-08 12:12:39 - src.game_logic.combat - INFO - Magier besiegt Wolf mit Magischer Bolzen (9 Schaden)
2025-05-08 12:12:41 - src.game_logic.combat - INFO - Runde 7 beginnt!
2025-05-08 12:12:44 - src.game_logic.combat - INFO - Runde 8 beginnt!
2025-05-08 12:12:47 - src.game_logic.combat - INFO - Runde 9 beginnt!
2025-05-08 12:12:50 - src.game_logic.combat - INFO - Runde 10 beginnt!
2025-05-08 12:12:53 - src.game_logic.combat - INFO - Runde 11 beginnt!
2025-05-08 12:12:57 - src.game_logic.combat - INFO - Runde 12 beginnt!
2025-05-08 12:13:00 - src.game_logic.combat - INFO - Runde 13 beginnt!
2025-05-08 12:13:03 - src.game_logic.combat - INFO - Runde 14 beginnt!
2025-05-08 12:13:06 - src.game_logic.combat - INFO - Runde 15 beginnt!
2025-05-08 12:13:09 - src.game_logic.combat - INFO - Runde 16 beginnt!
2025-05-08 12:13:12 - src.game_logic.combat - INFO - Runde 17 beginnt!
2025-05-08 12:13:16 - src.game_logic.combat - INFO - Runde 18 beginnt!
2025-05-08 12:13:19 - src.game_logic.combat - INFO - Runde 19 beginnt!
2025-05-08 12:13:22 - src.game_logic.combat - INFO - Runde 20 beginnt!
2025-05-08 12:13:25 - src.game_logic.combat - INFO - Runde 21 beginnt!
2025-05-08 12:13:28 - src.game_logic.combat - INFO - Runde 22 beginnt!
2025-05-08 12:13:31 - src.game_logic.combat - INFO - Runde 23 beginnt!
2025-05-08 12:13:33 - src.game_logic.entities - INFO - Magier wurde besiegt!
2025-05-08 12:13:33 - src.game_logic.combat - INFO - Goblin Bogenschütze besiegt Magier mit Schuss (5 Schaden)
2025-05-08 12:13:34 - src.game_logic.combat - INFO - Runde 24 beginnt!
2025-05-08 12:13:37 - src.game_logic.combat - INFO - Runde 25 beginnt!
2025-05-08 12:13:40 - src.game_logic.combat - INFO - Runde 26 beginnt!
2025-05-08 12:13:42 - src.game_logic.combat - INFO - Runde 27 beginnt!
2025-05-08 12:13:45 - src.game_logic.combat - INFO - Runde 28 beginnt!
2025-05-08 12:13:48 - src.game_logic.combat - INFO - Runde 29 beginnt!
2025-05-08 12:13:50 - src.game_logic.combat - INFO - Runde 30 beginnt!
2025-05-08 12:13:53 - src.game_logic.combat - INFO - Runde 31 beginnt!
2025-05-08 12:13:56 - src.game_logic.combat - INFO - Runde 32 beginnt!
2025-05-08 12:13:58 - src.game_logic.combat - INFO - Runde 33 beginnt!
2025-05-08 12:14:01 - src.game_logic.combat - INFO - Runde 34 beginnt!
2025-05-08 12:14:04 - src.game_logic.combat - INFO - Runde 35 beginnt!
2025-05-08 12:14:06 - src.game_logic.combat - INFO - Runde 36 beginnt!
2025-05-08 12:14:09 - src.game_logic.combat - INFO - Runde 37 beginnt!
2025-05-08 12:14:12 - src.game_logic.combat - INFO - Runde 38 beginnt!
2025-05-08 12:14:14 - src.game_logic.combat - INFO - Runde 39 beginnt!
2025-05-08 12:14:17 - src.game_logic.combat - INFO - Runde 40 beginnt!
2025-05-08 12:14:20 - src.game_logic.combat - INFO - Runde 41 beginnt!
2025-05-08 12:14:22 - src.game_logic.combat - INFO - Runde 42 beginnt!
2025-05-08 12:14:25 - src.game_logic.combat - INFO - Runde 43 beginnt!
2025-05-08 12:14:28 - src.game_logic.combat - INFO - Runde 44 beginnt!
2025-05-08 12:14:30 - src.game_logic.combat - INFO - Runde 45 beginnt!
2025-05-08 12:14:33 - src.game_logic.combat - INFO - Runde 46 beginnt!
2025-05-08 12:14:36 - src.game_logic.combat - INFO - Runde 47 beginnt!
2025-05-08 12:14:38 - src.game_logic.combat - INFO - Runde 48 beginnt!
2025-05-08 12:14:41 - src.game_logic.combat - INFO - Runde 49 beginnt!
2025-05-08 12:14:44 - src.game_logic.combat - INFO - Runde 50 beginnt!
2025-05-08 12:14:46 - src.game_logic.combat - INFO - Runde 51 beginnt!
2025-05-08 12:14:49 - src.game_logic.combat - INFO - Runde 52 beginnt!
2025-05-08 12:14:52 - src.game_logic.combat - INFO - Runde 53 beginnt!
2025-05-08 12:14:54 - src.game_logic.combat - INFO - Runde 54 beginnt!
2025-05-08 12:14:57 - src.game_logic.combat - INFO - Runde 55 beginnt!
2025-05-08 12:15:00 - src.game_logic.combat - INFO - Runde 56 beginnt!
2025-05-08 12:15:02 - src.game_logic.combat - INFO - Runde 57 beginnt!
2025-05-08 12:15:05 - src.game_logic.combat - INFO - Runde 58 beginnt!
2025-05-08 12:15:08 - src.game_logic.combat - INFO - Runde 59 beginnt!
2025-05-08 12:15:10 - src.game_logic.combat - INFO - Runde 60 beginnt!
2025-05-08 12:15:13 - src.game_logic.combat - INFO - Runde 61 beginnt!
2025-05-08 12:15:13 - rpg - INFO - Programm durch Benutzer abgebrochen
2025-05-08 12:57:14 - rpg - INFO - Python RPG gestartet im Modus: auto
2025-05-08 12:57:14 - rpg - INFO - Python-Version: 3.12.3 | packaged by Anaconda, Inc. | (main, May  6 2024, 19:46:43) [GCC 11.2.0]
2025-05-08 12:57:14 - rpg.main - INFO - Starte Spiel im automatischen Modus (Simulation mit 2 Spielern, 3 Begegnungen)
2025-05-08 12:57:17 - src.game_logic.combat - INFO - Kampf beginnt!
2025-05-08 12:57:17 - src.game_logic.combat - INFO - Spieler: Krieger, Magier
2025-05-08 12:57:17 - src.game_logic.combat - INFO - Gegner: Goblin Schamane
2025-05-08 12:57:17 - src.game_logic.combat - INFO - Runde 1 beginnt!
2025-05-08 12:57:22 - src.game_logic.combat - INFO - Runde 2 beginnt!
2025-05-08 12:57:27 - src.game_logic.combat - INFO - Runde 3 beginnt!
2025-05-08 12:57:31 - src.game_logic.combat - INFO - Runde 4 beginnt!
2025-05-08 12:57:36 - src.game_logic.combat - INFO - Runde 5 beginnt!
2025-05-08 12:57:41 - src.game_logic.combat - INFO - Runde 6 beginnt!
2025-05-08 12:57:44 - src.game_logic.combat - INFO - Runde 7 beginnt!
2025-05-08 12:57:48 - src.game_logic.combat - INFO - Goblin Schamane heilt Goblin Schamane um 3 HP mit Geringe Heilung
2025-05-08 12:57:49 - src.game_logic.combat - INFO - Runde 8 beginnt!
2025-05-08 12:57:52 - src.game_logic.combat - INFO - Runde 9 beginnt!
2025-05-08 12:57:55 - src.game_logic.entities - INFO - Goblin Schamane wurde besiegt!
2025-05-08 12:57:55 - src.game_logic.combat - INFO - Magier besiegt Goblin Schamane mit Feuerball (12 Schaden)
2025-05-08 12:57:56 - src.game_logic.combat - INFO - Kampf endet! Die Spieler sind siegreich.
2025-05-08 12:57:57 - src.game_logic.combat - INFO - Vergebe 50 XP an jeden überlebenden Spieler
2025-05-08 12:57:57 - src.game_logic.leveling - INFO - Krieger erhält 50 XP, neue Gesamtsumme: 50
2025-05-08 12:57:57 - src.game_logic.leveling - INFO - Magier erhält 50 XP, neue Gesamtsumme: 50
2025-05-08 12:58:02 - src.game_logic.combat - INFO - Kampf beginnt!
2025-05-08 12:58:02 - src.game_logic.combat - INFO - Spieler: Krieger, Magier
2025-05-08 12:58:02 - src.game_logic.combat - INFO - Gegner: Goblin Schamane, Skelett, Wolf
2025-05-08 12:58:02 - src.game_logic.combat - INFO - Runde 1 beginnt!
2025-05-08 12:58:09 - src.game_logic.combat - INFO - Runde 2 beginnt!
2025-05-08 12:58:16 - src.game_logic.combat - INFO - Runde 3 beginnt!
2025-05-08 12:58:22 - src.game_logic.combat - INFO - Runde 4 beginnt!
2025-05-08 12:58:29 - src.game_logic.combat - INFO - Runde 5 beginnt!
2025-05-08 12:58:36 - src.game_logic.combat - INFO - Runde 6 beginnt!
2025-05-08 12:58:42 - src.game_logic.combat - INFO - Runde 7 beginnt!
2025-05-08 12:58:49 - src.game_logic.combat - INFO - Runde 8 beginnt!
2025-05-08 12:58:55 - src.game_logic.combat - INFO - Runde 9 beginnt!
2025-05-08 12:59:02 - src.game_logic.combat - INFO - Runde 10 beginnt!
2025-05-08 12:59:09 - src.game_logic.combat - INFO - Runde 11 beginnt!
2025-05-08 12:59:15 - src.game_logic.combat - INFO - Runde 12 beginnt!
2025-05-08 12:59:22 - src.game_logic.combat - INFO - Runde 13 beginnt!
2025-05-08 12:59:25 - src.game_logic.entities - INFO - Wolf wurde besiegt!
2025-05-08 12:59:25 - src.game_logic.combat - INFO - Magier besiegt Wolf mit Angriff (1 Schaden)
2025-05-08 12:59:28 - src.game_logic.combat - INFO - Runde 14 beginnt!
2025-05-08 12:59:34 - src.game_logic.combat - INFO - Runde 15 beginnt!
2025-05-08 12:59:39 - src.game_logic.combat - INFO - Runde 16 beginnt!
2025-05-08 12:59:45 - src.game_logic.combat - INFO - Runde 17 beginnt!
2025-05-08 12:59:50 - src.game_logic.combat - INFO - Runde 18 beginnt!
2025-05-08 12:59:55 - src.game_logic.combat - INFO - Runde 19 beginnt!
2025-05-08 13:00:01 - src.game_logic.combat - INFO - Runde 20 beginnt!
2025-05-08 13:00:06 - src.game_logic.combat - INFO - Runde 21 beginnt!
2025-05-08 13:00:09 - src.game_logic.entities - INFO - Goblin Schamane wurde besiegt!
2025-05-08 13:00:09 - src.game_logic.combat - INFO - Magier besiegt Goblin Schamane mit Angriff (1 Schaden)
2025-05-08 13:00:11 - src.game_logic.combat - INFO - Runde 22 beginnt!
2025-05-08 13:00:16 - src.game_logic.combat - INFO - Runde 23 beginnt!
2025-05-08 13:00:20 - rpg - INFO - Programm durch Benutzer abgebrochen
